<?xml version="1.0" encoding="UTF-8"?>
<testsuite xmlns:xsi="http://www.w3.org/2001/XMLSchema-instance" xsi:noNamespaceSchemaLocation="https://maven.apache.org/surefire/maven-surefire-plugin/xsd/surefire-test-report.xsd" version="3.0.2" name="com.melisa.qa.runners.TestRunner" time="48.468" tests="53" errors="0" skipped="7" failures="0">
  <properties>
[...]
</properties>
  <testcase name="Successfully authenticate with valid credentials" classname="Authentication" time="2.366">
    <system-out><![CDATA[
@authentication
Scenario: Successfully authenticate with valid credentials &amp#27;[90m# features/authentication.feature:4&amp#27;[0m
  &amp#27;[32mGiven &amp#27;[0m&amp#27;[32mthe user has valid authentication credentials&amp#27;[0m      &amp#27;[90m# com.melisa.qa.steps.AuthenticationSteps.theUserHasValidAuthenticationCredentials()&amp#27;[0m
  &amp#27;[32mWhen &amp#27;[0m&amp#27;[32mthe user sends an authentication request&amp#27;[0m            &amp#27;[90m# com.melisa.qa.steps.AuthenticationSteps.theUserSendsAnAuthenticationRequest()&amp#27;[0m
  &amp#27;[32mThen &amp#27;[0m&amp#27;[32mthe authentication request should be successful&amp#27;[0m     &amp#27;[90m# com.melisa.qa.steps.AuthenticationSteps.theAuthenticationRequestShouldBeSuccessful()&amp#27;[0m
  &amp#27;[32mAnd &amp#27;[0m&amp#27;[32man authentication token should be returned&amp#27;[0m           &amp#27;[90m# com.melisa.qa.steps.AuthenticationSteps.anAuthenticationTokenShouldBeReturned()&amp#27;[0m
]]></system-out>
  </testcase>
  <testcase name="Example #1.1" classname="Examples" time="0.803">
    <system-out><![CDATA[
@authentication @negative
Scenario Outline: Authenticate with different credentials                 &amp#27;[90m# features/authentication.feature:18&amp#27;[0m
  &amp#27;[32mGiven &amp#27;[0m&amp#27;[32mthe user has authentication credentials &amp#27;[0m&amp#27;[32m&amp#27;[1m"admin"&amp#27;[0m&amp#27;[32m and &amp#27;[0m&amp#27;[32m&amp#27;[1m"password123"&amp#27;[0m &amp#27;[90m# com.melisa.qa.steps.AuthenticationSteps.theUserHasAuthenticationCredentials(java.lang.String,java.lang.String)&amp#27;[0m
  &amp#27;[32mWhen &amp#27;[0m&amp#27;[32mthe user sends an authentication request&amp#27;[0m                           &amp#27;[90m# com.melisa.qa.steps.AuthenticationSteps.theUserSendsAnAuthenticationRequest()&amp#27;[0m
  &amp#27;[32mThen &amp#27;[0m&amp#27;[32mthe authentication response should match &amp#27;[0m&amp#27;[32m&amp#27;[1m"success"&amp#27;[0m                 &amp#27;[90m# com.melisa.qa.steps.AuthenticationSteps.theAuthenticationResponseShouldMatch(java.lang.String)&amp#27;[0m
]]></system-out>
  </testcase>
  <testcase name="Example #1.1" classname="Examples" time="0.797">
    <system-out><![CDATA[
@booking @data-validation
Scenario Outline: Create a booking with different first name values  &amp#27;[90m# features/booking.feature:35&amp#27;[0m
  &amp#27;[32mGiven &amp#27;[0m&amp#27;[32mthe user has booking information with first name &amp#27;[0m&amp#27;[32m&amp#27;[1m"lowercase"&amp#27;[0m &amp#27;[90m# com.melisa.qa.steps.BookingSteps.theUserHasBookingInformationWithFirstName(java.lang.String)&amp#27;[0m
  &amp#27;[32mWhen &amp#27;[0m&amp#27;[32mthe user creates a new booking&amp#27;[0m                                &amp#27;[90m# com.melisa.qa.steps.BookingSteps.theUserCreatesANewBooking()&amp#27;[0m
  &amp#27;[32mThen &amp#27;[0m&amp#27;[32mthe booking response should be validated&amp#27;[0m                      &amp#27;[90m# com.melisa.qa.steps.BookingSteps.theBookingResponseShouldBeValidated()&amp#27;[0m
  &amp#27;[32mAnd &amp#27;[0m&amp#27;[32mthe booking first name should match &amp#27;[0m&amp#27;[32m&amp#27;[1m"lowercase"&amp#27;[0m                &amp#27;[90m# com.melisa.qa.steps.BookingSteps.theBookingFirstNameShouldMatch(java.lang.String)&amp#27;[0m
]]></system-out>
  </testcase>
  <testcase name="Example #1.1" classname="Examples" time="0.798">
    <system-out><![CDATA[
@booking @data-validation
Scenario Outline: Create a booking with different last name values  &amp#27;[90m# features/booking.feature:56&amp#27;[0m
  &amp#27;[32mGiven &amp#27;[0m&amp#27;[32mthe user has booking information with last name &amp#27;[0m&amp#27;[32m&amp#27;[1m"lowercase"&amp#27;[0m &amp#27;[90m# com.melisa.qa.steps.BookingSteps.theUserHasBookingInformationWithLastName(java.lang.String)&amp#27;[0m
  &amp#27;[32mWhen &amp#27;[0m&amp#27;[32mthe user creates a new booking&amp#27;[0m                               &amp#27;[90m# com.melisa.qa.steps.BookingSteps.theUserCreatesANewBooking()&amp#27;[0m
  &amp#27;[32mThen &amp#27;[0m&amp#27;[32mthe booking response should be validated&amp#27;[0m                     &amp#27;[90m# com.melisa.qa.steps.BookingSteps.theBookingResponseShouldBeValidated()&amp#27;[0m
  &amp#27;[32mAnd &amp#27;[0m&amp#27;[32mthe booking last name should match &amp#27;[0m&amp#27;[32m&amp#27;[1m"lowercase"&amp#27;[0m                &amp#27;[90m# com.melisa.qa.steps.BookingSteps.theBookingLastNameShouldMatch(java.lang.String)&amp#27;[0m
]]></system-out>
  </testcase>
  <testcase name="Example #1.1" classname="Examples" time="0.789">
    <system-out><![CDATA[
@booking @data-validation
Scenario Outline: Create a booking with different deposit paid values &amp#27;[90m# features/booking.feature:77&amp#27;[0m
  &amp#27;[32mGiven &amp#27;[0m&amp#27;[32mthe user has booking information with deposit paid &amp#27;[0m&amp#27;[32m&amp#27;[1m"true"&amp#27;[0m     &amp#27;[90m# com.melisa.qa.steps.BookingSteps.theUserHasBookingInformationWithDepositPaid(java.lang.String)&amp#27;[0m
  &amp#27;[32mWhen &amp#27;[0m&amp#27;[32mthe user creates a new booking&amp#27;[0m                                 &amp#27;[90m# com.melisa.qa.steps.BookingSteps.theUserCreatesANewBooking()&amp#27;[0m
  &amp#27;[32mThen &amp#27;[0m&amp#27;[32mthe booking should be created successfully&amp#27;[0m                     &amp#27;[90m# com.melisa.qa.steps.BookingSteps.theBookingShouldBeCreatedSuccessfully()&amp#27;[0m
  &amp#27;[32mAnd &amp#27;[0m&amp#27;[32mthe booking deposit paid should match &amp#27;[0m&amp#27;[32m&amp#27;[1m"true"&amp#27;[0m                    &amp#27;[90m# com.melisa.qa.steps.BookingSteps.theBookingDepositPaidShouldMatch(java.lang.String)&amp#27;[0m
]]></system-out>
  </testcase>
  <testcase name="Example #1.1" classname="Examples" time="0.787">
    <system-out><![CDATA[
@booking @data-validation
Scenario Outline: Create a booking with different additional needs values  &amp#27;[90m# features/booking.feature:89&amp#27;[0m
  &amp#27;[32mGiven &amp#27;[0m&amp#27;[32mthe user has booking information with additional needs &amp#27;[0m&amp#27;[32m&amp#27;[1m"Breakfast"&amp#27;[0m &amp#27;[90m# com.melisa.qa.steps.BookingSteps.theUserHasBookingInformationWithAdditionalNeeds(java.lang.String)&amp#27;[0m
  &amp#27;[32mWhen &amp#27;[0m&amp#27;[32mthe user creates a new booking&amp#27;[0m                                      &amp#27;[90m# com.melisa.qa.steps.BookingSteps.theUserCreatesANewBooking()&amp#27;[0m
  &amp#27;[32mThen &amp#27;[0m&amp#27;[32mthe booking should be created successfully&amp#27;[0m                          &amp#27;[90m# com.melisa.qa.steps.BookingSteps.theBookingShouldBeCreatedSuccessfully()&amp#27;[0m
  &amp#27;[32mAnd &amp#27;[0m&amp#27;[32mthe booking additional needs should match &amp#27;[0m&amp#27;[32m&amp#27;[1m"Breakfast"&amp#27;[0m                &amp#27;[90m# com.melisa.qa.steps.BookingSteps.theBookingAdditionalNeedsShouldMatch(java.lang.String)&amp#27;[0m
]]></system-out>
  </testcase>
  <testcase name="Example #1.1" classname="Examples" time="0.788">
    <system-out><![CDATA[
@booking @data-validation
Scenario Outline: Create a booking with different total price values &amp#27;[90m# features/booking.feature:108&amp#27;[0m
  &amp#27;[32mGiven &amp#27;[0m&amp#27;[32mthe user has booking information with total price &amp#27;[0m&amp#27;[32m&amp#27;[1m0&amp#27;[0m          &amp#27;[90m# com.melisa.qa.steps.BookingSteps.theUserHasBookingInformationWithTotalPrice(int)&amp#27;[0m
  &amp#27;[32mWhen &amp#27;[0m&amp#27;[32mthe user creates a new booking&amp#27;[0m                                &amp#27;[90m# com.melisa.qa.steps.BookingSteps.theUserCreatesANewBooking()&amp#27;[0m
  &amp#27;[32mThen &amp#27;[0m&amp#27;[32mthe booking should be created successfully&amp#27;[0m                    &amp#27;[90m# com.melisa.qa.steps.BookingSteps.theBookingShouldBeCreatedSuccessfully()&amp#27;[0m
  &amp#27;[32mAnd &amp#27;[0m&amp#27;[32mthe booking total price should match &amp#27;[0m&amp#27;[32m&amp#27;[1m0&amp#27;[0m                         &amp#27;[90m# com.melisa.qa.steps.BookingSteps.theBookingTotalPriceShouldMatch(int)&amp#27;[0m
]]></system-out>
  </testcase>
  <testcase name="Example #1.1" classname="Examples" time="0.0">
    <skipped message="&apos;cucumber.filter.tags=not ( @known-defect )&apos; did not match this scenario"/>
  </testcase>
  <testcase name="Example #1.1" classname="Examples" time="0.0">
    <skipped message="&apos;cucumber.filter.tags=not ( @known-defect )&apos; did not match this scenario"/>
  </testcase>
  <testcase name="Example #1.1" classname="Examples" time="0.0">
    <skipped message="&apos;cucumber.filter.tags=not ( @known-defect )&apos; did not match this scenario"/>
  </testcase>
  <testcase name="Example #1.2" classname="Examples" time="0.781">
    <system-out><![CDATA[
@authentication @negative
Scenario Outline: Authenticate with different credentials                   &amp#27;[90m# features/authentication.feature:19&amp#27;[0m
  &amp#27;[32mGiven &amp#27;[0m&amp#27;[32mthe user has authentication credentials &amp#27;[0m&amp#27;[32m&amp#27;[1m"admin"&amp#27;[0m&amp#27;[32m and &amp#27;[0m&amp#27;[32m&amp#27;[1m"wrongPassword"&amp#27;[0m &amp#27;[90m# com.melisa.qa.steps.AuthenticationSteps.theUserHasAuthenticationCredentials(java.lang.String,java.lang.String)&amp#27;[0m
  &amp#27;[32mWhen &amp#27;[0m&amp#27;[32mthe user sends an authentication request&amp#27;[0m                             &amp#27;[90m# com.melisa.qa.steps.AuthenticationSteps.theUserSendsAnAuthenticationRequest()&amp#27;[0m
  &amp#27;[32mThen &amp#27;[0m&amp#27;[32mthe authentication response should match &amp#27;[0m&amp#27;[32m&amp#27;[1m"failure"&amp#27;[0m                   &amp#27;[90m# com.melisa.qa.steps.AuthenticationSteps.theAuthenticationResponseShouldMatch(java.lang.String)&amp#27;[0m
]]></system-out>
  </testcase>
  <testcase name="Example #1.2" classname="Examples" time="0.797">
    <system-out><![CDATA[
@booking @data-validation
Scenario Outline: Create a booking with different first name values  &amp#27;[90m# features/booking.feature:36&amp#27;[0m
  &amp#27;[32mGiven &amp#27;[0m&amp#27;[32mthe user has booking information with first name &amp#27;[0m&amp#27;[32m&amp#27;[1m"UPPERCASE"&amp#27;[0m &amp#27;[90m# com.melisa.qa.steps.BookingSteps.theUserHasBookingInformationWithFirstName(java.lang.String)&amp#27;[0m
  &amp#27;[32mWhen &amp#27;[0m&amp#27;[32mthe user creates a new booking&amp#27;[0m                                &amp#27;[90m# com.melisa.qa.steps.BookingSteps.theUserCreatesANewBooking()&amp#27;[0m
  &amp#27;[32mThen &amp#27;[0m&amp#27;[32mthe booking response should be validated&amp#27;[0m                      &amp#27;[90m# com.melisa.qa.steps.BookingSteps.theBookingResponseShouldBeValidated()&amp#27;[0m
  &amp#27;[32mAnd &amp#27;[0m&amp#27;[32mthe booking first name should match &amp#27;[0m&amp#27;[32m&amp#27;[1m"UPPERCASE"&amp#27;[0m                &amp#27;[90m# com.melisa.qa.steps.BookingSteps.theBookingFirstNameShouldMatch(java.lang.String)&amp#27;[0m
]]></system-out>
  </testcase>
  <testcase name="Example #1.2" classname="Examples" time="0.806">
    <system-out><![CDATA[
@booking @data-validation
Scenario Outline: Create a booking with different last name values  &amp#27;[90m# features/booking.feature:57&amp#27;[0m
  &amp#27;[32mGiven &amp#27;[0m&amp#27;[32mthe user has booking information with last name &amp#27;[0m&amp#27;[32m&amp#27;[1m"UPPERCASE"&amp#27;[0m &amp#27;[90m# com.melisa.qa.steps.BookingSteps.theUserHasBookingInformationWithLastName(java.lang.String)&amp#27;[0m
  &amp#27;[32mWhen &amp#27;[0m&amp#27;[32mthe user creates a new booking&amp#27;[0m                               &amp#27;[90m# com.melisa.qa.steps.BookingSteps.theUserCreatesANewBooking()&amp#27;[0m
  &amp#27;[32mThen &amp#27;[0m&amp#27;[32mthe booking response should be validated&amp#27;[0m                     &amp#27;[90m# com.melisa.qa.steps.BookingSteps.theBookingResponseShouldBeValidated()&amp#27;[0m
  &amp#27;[32mAnd &amp#27;[0m&amp#27;[32mthe booking last name should match &amp#27;[0m&amp#27;[32m&amp#27;[1m"UPPERCASE"&amp#27;[0m                &amp#27;[90m# com.melisa.qa.steps.BookingSteps.theBookingLastNameShouldMatch(java.lang.String)&amp#27;[0m
]]></system-out>
  </testcase>
  <testcase name="Example #1.2" classname="Examples" time="0.788">
    <system-out><![CDATA[
@booking @data-validation
Scenario Outline: Create a booking with different deposit paid values &amp#27;[90m# features/booking.feature:78&amp#27;[0m
  &amp#27;[32mGiven &amp#27;[0m&amp#27;[32mthe user has booking information with deposit paid &amp#27;[0m&amp#27;[32m&amp#27;[1m"false"&amp#27;[0m    &amp#27;[90m# com.melisa.qa.steps.BookingSteps.theUserHasBookingInformationWithDepositPaid(java.lang.String)&amp#27;[0m
  &amp#27;[32mWhen &amp#27;[0m&amp#27;[32mthe user creates a new booking&amp#27;[0m                                 &amp#27;[90m# com.melisa.qa.steps.BookingSteps.theUserCreatesANewBooking()&amp#27;[0m
  &amp#27;[32mThen &amp#27;[0m&amp#27;[32mthe booking should be created successfully&amp#27;[0m                     &amp#27;[90m# com.melisa.qa.steps.BookingSteps.theBookingShouldBeCreatedSuccessfully()&amp#27;[0m
  &amp#27;[32mAnd &amp#27;[0m&amp#27;[32mthe booking deposit paid should match &amp#27;[0m&amp#27;[32m&amp#27;[1m"false"&amp#27;[0m                   &amp#27;[90m# com.melisa.qa.steps.BookingSteps.theBookingDepositPaidShouldMatch(java.lang.String)&amp#27;[0m
]]></system-out>
  </testcase>
  <testcase name="Example #1.2" classname="Examples" time="0.789">
    <system-out><![CDATA[
@booking @data-validation
Scenario Outline: Create a booking with different additional needs values &amp#27;[90m# features/booking.feature:90&amp#27;[0m
  &amp#27;[32mGiven &amp#27;[0m&amp#27;[32mthe user has booking information with additional needs &amp#27;[0m&amp#27;[32m&amp#27;[1m"Dinner"&amp#27;[0m   &amp#27;[90m# com.melisa.qa.steps.BookingSteps.theUserHasBookingInformationWithAdditionalNeeds(java.lang.String)&amp#27;[0m
  &amp#27;[32mWhen &amp#27;[0m&amp#27;[32mthe user creates a new booking&amp#27;[0m                                     &amp#27;[90m# com.melisa.qa.steps.BookingSteps.theUserCreatesANewBooking()&amp#27;[0m
  &amp#27;[32mThen &amp#27;[0m&amp#27;[32mthe booking should be created successfully&amp#27;[0m                         &amp#27;[90m# com.melisa.qa.steps.BookingSteps.theBookingShouldBeCreatedSuccessfully()&amp#27;[0m
  &amp#27;[32mAnd &amp#27;[0m&amp#27;[32mthe booking additional needs should match &amp#27;[0m&amp#27;[32m&amp#27;[1m"Dinner"&amp#27;[0m                  &amp#27;[90m# com.melisa.qa.steps.BookingSteps.theBookingAdditionalNeedsShouldMatch(java.lang.String)&amp#27;[0m
]]></system-out>
  </testcase>
  <testcase name="Example #1.2" classname="Examples" time="0.783">
    <system-out><![CDATA[
@booking @data-validation
Scenario Outline: Create a booking with different total price values &amp#27;[90m# features/booking.feature:109&amp#27;[0m
  &amp#27;[32mGiven &amp#27;[0m&amp#27;[32mthe user has booking information with total price &amp#27;[0m&amp#27;[32m&amp#27;[1m1&amp#27;[0m          &amp#27;[90m# com.melisa.qa.steps.BookingSteps.theUserHasBookingInformationWithTotalPrice(int)&amp#27;[0m
  &amp#27;[32mWhen &amp#27;[0m&amp#27;[32mthe user creates a new booking&amp#27;[0m                                &amp#27;[90m# com.melisa.qa.steps.BookingSteps.theUserCreatesANewBooking()&amp#27;[0m
  &amp#27;[32mThen &amp#27;[0m&amp#27;[32mthe booking should be created successfully&amp#27;[0m                    &amp#27;[90m# com.melisa.qa.steps.BookingSteps.theBookingShouldBeCreatedSuccessfully()&amp#27;[0m
  &amp#27;[32mAnd &amp#27;[0m&amp#27;[32mthe booking total price should match &amp#27;[0m&amp#27;[32m&amp#27;[1m1&amp#27;[0m                         &amp#27;[90m# com.melisa.qa.steps.BookingSteps.theBookingTotalPriceShouldMatch(int)&amp#27;[0m
]]></system-out>
  </testcase>
  <testcase name="Example #1.2" classname="Examples" time="0.0">
    <skipped message="&apos;cucumber.filter.tags=not ( @known-defect )&apos; did not match this scenario"/>
  </testcase>
  <testcase name="Example #1.2" classname="Examples" time="0.0">
    <skipped message="&apos;cucumber.filter.tags=not ( @known-defect )&apos; did not match this scenario"/>
  </testcase>
  <testcase name="Example #1.3" classname="Examples" time="0.782">
    <system-out><![CDATA[
@booking @data-validation
Scenario Outline: Create a booking with different first name values &amp#27;[90m# features/booking.feature:37&amp#27;[0m
  &amp#27;[32mGiven &amp#27;[0m&amp#27;[32mthe user has booking information with first name &amp#27;[0m&amp#27;[32m&amp#27;[1m"MeLiSa"&amp#27;[0m   &amp#27;[90m# com.melisa.qa.steps.BookingSteps.theUserHasBookingInformationWithFirstName(java.lang.String)&amp#27;[0m
  &amp#27;[32mWhen &amp#27;[0m&amp#27;[32mthe user creates a new booking&amp#27;[0m                               &amp#27;[90m# com.melisa.qa.steps.BookingSteps.theUserCreatesANewBooking()&amp#27;[0m
  &amp#27;[32mThen &amp#27;[0m&amp#27;[32mthe booking response should be validated&amp#27;[0m                     &amp#27;[90m# com.melisa.qa.steps.BookingSteps.theBookingResponseShouldBeValidated()&amp#27;[0m
  &amp#27;[32mAnd &amp#27;[0m&amp#27;[32mthe booking first name should match &amp#27;[0m&amp#27;[32m&amp#27;[1m"MeLiSa"&amp#27;[0m                  &amp#27;[90m# com.melisa.qa.steps.BookingSteps.theBookingFirstNameShouldMatch(java.lang.String)&amp#27;[0m
]]></system-out>
  </testcase>
  <testcase name="Example #1.3" classname="Examples" time="0.791">
    <system-out><![CDATA[
@booking @data-validation
Scenario Outline: Create a booking with different last name values &amp#27;[90m# features/booking.feature:58&amp#27;[0m
  &amp#27;[32mGiven &amp#27;[0m&amp#27;[32mthe user has booking information with last name &amp#27;[0m&amp#27;[32m&amp#27;[1m"mArTiNeZ"&amp#27;[0m &amp#27;[90m# com.melisa.qa.steps.BookingSteps.theUserHasBookingInformationWithLastName(java.lang.String)&amp#27;[0m
  &amp#27;[32mWhen &amp#27;[0m&amp#27;[32mthe user creates a new booking&amp#27;[0m                              &amp#27;[90m# com.melisa.qa.steps.BookingSteps.theUserCreatesANewBooking()&amp#27;[0m
  &amp#27;[32mThen &amp#27;[0m&amp#27;[32mthe booking response should be validated&amp#27;[0m                    &amp#27;[90m# com.melisa.qa.steps.BookingSteps.theBookingResponseShouldBeValidated()&amp#27;[0m
  &amp#27;[32mAnd &amp#27;[0m&amp#27;[32mthe booking last name should match &amp#27;[0m&amp#27;[32m&amp#27;[1m"mArTiNeZ"&amp#27;[0m                &amp#27;[90m# com.melisa.qa.steps.BookingSteps.theBookingLastNameShouldMatch(java.lang.String)&amp#27;[0m
]]></system-out>
  </testcase>
  <testcase name="Example #1.3" classname="Examples" time="0.787">
    <system-out><![CDATA[
@booking @data-validation
Scenario Outline: Create a booking with different additional needs values         &amp#27;[90m# features/booking.feature:91&amp#27;[0m
  &amp#27;[32mGiven &amp#27;[0m&amp#27;[32mthe user has booking information with additional needs &amp#27;[0m&amp#27;[32m&amp#27;[1m"Airport transfer"&amp#27;[0m &amp#27;[90m# com.melisa.qa.steps.BookingSteps.theUserHasBookingInformationWithAdditionalNeeds(java.lang.String)&amp#27;[0m
  &amp#27;[32mWhen &amp#27;[0m&amp#27;[32mthe user creates a new booking&amp#27;[0m                                             &amp#27;[90m# com.melisa.qa.steps.BookingSteps.theUserCreatesANewBooking()&amp#27;[0m
  &amp#27;[32mThen &amp#27;[0m&amp#27;[32mthe booking should be created successfully&amp#27;[0m                                 &amp#27;[90m# com.melisa.qa.steps.BookingSteps.theBookingShouldBeCreatedSuccessfully()&amp#27;[0m
  &amp#27;[32mAnd &amp#27;[0m&amp#27;[32mthe booking additional needs should match &amp#27;[0m&amp#27;[32m&amp#27;[1m"Airport transfer"&amp#27;[0m                &amp#27;[90m# com.melisa.qa.steps.BookingSteps.theBookingAdditionalNeedsShouldMatch(java.lang.String)&amp#27;[0m
]]></system-out>
  </testcase>
  <testcase name="Example #1.3" classname="Examples" time="0.803">
    <system-out><![CDATA[
@booking @data-validation
Scenario Outline: Create a booking with different total price values &amp#27;[90m# features/booking.feature:110&amp#27;[0m
  &amp#27;[32mGiven &amp#27;[0m&amp#27;[32mthe user has booking information with total price &amp#27;[0m&amp#27;[32m&amp#27;[1m88&amp#27;[0m         &amp#27;[90m# com.melisa.qa.steps.BookingSteps.theUserHasBookingInformationWithTotalPrice(int)&amp#27;[0m
  &amp#27;[32mWhen &amp#27;[0m&amp#27;[32mthe user creates a new booking&amp#27;[0m                                &amp#27;[90m# com.melisa.qa.steps.BookingSteps.theUserCreatesANewBooking()&amp#27;[0m
  &amp#27;[32mThen &amp#27;[0m&amp#27;[32mthe booking should be created successfully&amp#27;[0m                    &amp#27;[90m# com.melisa.qa.steps.BookingSteps.theBookingShouldBeCreatedSuccessfully()&amp#27;[0m
  &amp#27;[32mAnd &amp#27;[0m&amp#27;[32mthe booking total price should match &amp#27;[0m&amp#27;[32m&amp#27;[1m88&amp#27;[0m                        &amp#27;[90m# com.melisa.qa.steps.BookingSteps.theBookingTotalPriceShouldMatch(int)&amp#27;[0m
]]></system-out>
  </testcase>
  <testcase name="Example #1.3" classname="Examples" time="0.0">
    <skipped message="&apos;cucumber.filter.tags=not ( @known-defect )&apos; did not match this scenario"/>
  </testcase>
  <testcase name="Example #1.4" classname="Examples" time="0.806">
    <system-out><![CDATA[
@booking @data-validation
Scenario Outline: Create a booking with different first name values  &amp#27;[90m# features/booking.feature:38&amp#27;[0m
  &amp#27;[32mGiven &amp#27;[0m&amp#27;[32mthe user has booking information with first name &amp#27;[0m&amp#27;[32m&amp#27;[1m"Melisa QA"&amp#27;[0m &amp#27;[90m# com.melisa.qa.steps.BookingSteps.theUserHasBookingInformationWithFirstName(java.lang.String)&amp#27;[0m
  &amp#27;[32mWhen &amp#27;[0m&amp#27;[32mthe user creates a new booking&amp#27;[0m                                &amp#27;[90m# com.melisa.qa.steps.BookingSteps.theUserCreatesANewBooking()&amp#27;[0m
  &amp#27;[32mThen &amp#27;[0m&amp#27;[32mthe booking response should be validated&amp#27;[0m                      &amp#27;[90m# com.melisa.qa.steps.BookingSteps.theBookingResponseShouldBeValidated()&amp#27;[0m
  &amp#27;[32mAnd &amp#27;[0m&amp#27;[32mthe booking first name should match &amp#27;[0m&amp#27;[32m&amp#27;[1m"Melisa QA"&amp#27;[0m                &amp#27;[90m# com.melisa.qa.steps.BookingSteps.theBookingFirstNameShouldMatch(java.lang.String)&amp#27;[0m
]]></system-out>
  </testcase>
  <testcase name="Example #1.4" classname="Examples" time="0.788">
    <system-out><![CDATA[
@booking @data-validation
Scenario Outline: Create a booking with different last name values     &amp#27;[90m# features/booking.feature:59&amp#27;[0m
  &amp#27;[32mGiven &amp#27;[0m&amp#27;[32mthe user has booking information with last name &amp#27;[0m&amp#27;[32m&amp#27;[1m"Van der Berg"&amp#27;[0m &amp#27;[90m# com.melisa.qa.steps.BookingSteps.theUserHasBookingInformationWithLastName(java.lang.String)&amp#27;[0m
  &amp#27;[32mWhen &amp#27;[0m&amp#27;[32mthe user creates a new booking&amp#27;[0m                                  &amp#27;[90m# com.melisa.qa.steps.BookingSteps.theUserCreatesANewBooking()&amp#27;[0m
  &amp#27;[32mThen &amp#27;[0m&amp#27;[32mthe booking response should be validated&amp#27;[0m                        &amp#27;[90m# com.melisa.qa.steps.BookingSteps.theBookingResponseShouldBeValidated()&amp#27;[0m
  &amp#27;[32mAnd &amp#27;[0m&amp#27;[32mthe booking last name should match &amp#27;[0m&amp#27;[32m&amp#27;[1m"Van der Berg"&amp#27;[0m                &amp#27;[90m# com.melisa.qa.steps.BookingSteps.theBookingLastNameShouldMatch(java.lang.String)&amp#27;[0m
]]></system-out>
  </testcase>
  <testcase name="Example #1.4" classname="Examples" time="0.789">
    <system-out><![CDATA[
@booking @data-validation
Scenario Outline: Create a booking with different additional needs values      &amp#27;[90m# features/booking.feature:92&amp#27;[0m
  &amp#27;[32mGiven &amp#27;[0m&amp#27;[32mthe user has booking information with additional needs &amp#27;[0m&amp#27;[32m&amp#27;[1m"Late checkout"&amp#27;[0m &amp#27;[90m# com.melisa.qa.steps.BookingSteps.theUserHasBookingInformationWithAdditionalNeeds(java.lang.String)&amp#27;[0m
  &amp#27;[32mWhen &amp#27;[0m&amp#27;[32mthe user creates a new booking&amp#27;[0m                                          &amp#27;[90m# com.melisa.qa.steps.BookingSteps.theUserCreatesANewBooking()&amp#27;[0m
  &amp#27;[32mThen &amp#27;[0m&amp#27;[32mthe booking should be created successfully&amp#27;[0m                              &amp#27;[90m# com.melisa.qa.steps.BookingSteps.theBookingShouldBeCreatedSuccessfully()&amp#27;[0m
  &amp#27;[32mAnd &amp#27;[0m&amp#27;[32mthe booking additional needs should match &amp#27;[0m&amp#27;[32m&amp#27;[1m"Late checkout"&amp#27;[0m                &amp#27;[90m# com.melisa.qa.steps.BookingSteps.theBookingAdditionalNeedsShouldMatch(java.lang.String)&amp#27;[0m
]]></system-out>
  </testcase>
  <testcase name="Example #1.4" classname="Examples" time="0.789">
    <system-out><![CDATA[
@booking @data-validation
Scenario Outline: Create a booking with different total price values &amp#27;[90m# features/booking.feature:111&amp#27;[0m
  &amp#27;[32mGiven &amp#27;[0m&amp#27;[32mthe user has booking information with total price &amp#27;[0m&amp#27;[32m&amp#27;[1m999&amp#27;[0m        &amp#27;[90m# com.melisa.qa.steps.BookingSteps.theUserHasBookingInformationWithTotalPrice(int)&amp#27;[0m
  &amp#27;[32mWhen &amp#27;[0m&amp#27;[32mthe user creates a new booking&amp#27;[0m                                &amp#27;[90m# com.melisa.qa.steps.BookingSteps.theUserCreatesANewBooking()&amp#27;[0m
  &amp#27;[32mThen &amp#27;[0m&amp#27;[32mthe booking should be created successfully&amp#27;[0m                    &amp#27;[90m# com.melisa.qa.steps.BookingSteps.theBookingShouldBeCreatedSuccessfully()&amp#27;[0m
  &amp#27;[32mAnd &amp#27;[0m&amp#27;[32mthe booking total price should match &amp#27;[0m&amp#27;[32m&amp#27;[1m999&amp#27;[0m                       &amp#27;[90m# com.melisa.qa.steps.BookingSteps.theBookingTotalPriceShouldMatch(int)&amp#27;[0m
]]></system-out>
  </testcase>
  <testcase name="Example #1.4" classname="Examples" time="0.0">
    <skipped message="&apos;cucumber.filter.tags=not ( @known-defect )&apos; did not match this scenario"/>
  </testcase>
  <testcase name="Example #1.5" classname="Examples" time="0.797">
    <system-out><![CDATA[
@booking @data-validation
Scenario Outline: Create a booking with different first name values &amp#27;[90m# features/booking.feature:39&amp#27;[0m
  &amp#27;[32mGiven &amp#27;[0m&amp#27;[32mthe user has booking information with first name &amp#27;[0m&amp#27;[32m&amp#27;[1m"José"&amp#27;[0m     &amp#27;[90m# com.melisa.qa.steps.BookingSteps.theUserHasBookingInformationWithFirstName(java.lang.String)&amp#27;[0m
  &amp#27;[32mWhen &amp#27;[0m&amp#27;[32mthe user creates a new booking&amp#27;[0m                               &amp#27;[90m# com.melisa.qa.steps.BookingSteps.theUserCreatesANewBooking()&amp#27;[0m
  &amp#27;[32mThen &amp#27;[0m&amp#27;[32mthe booking response should be validated&amp#27;[0m                     &amp#27;[90m# com.melisa.qa.steps.BookingSteps.theBookingResponseShouldBeValidated()&amp#27;[0m
  &amp#27;[32mAnd &amp#27;[0m&amp#27;[32mthe booking first name should match &amp#27;[0m&amp#27;[32m&amp#27;[1m"José"&amp#27;[0m                    &amp#27;[90m# com.melisa.qa.steps.BookingSteps.theBookingFirstNameShouldMatch(java.lang.String)&amp#27;[0m
]]></system-out>
  </testcase>
  <testcase name="Example #1.5" classname="Examples" time="0.781">
    <system-out><![CDATA[
@booking @data-validation
Scenario Outline: Create a booking with different last name values &amp#27;[90m# features/booking.feature:60&amp#27;[0m
  &amp#27;[32mGiven &amp#27;[0m&amp#27;[32mthe user has booking information with last name &amp#27;[0m&amp#27;[32m&amp#27;[1m"García"&amp#27;[0m   &amp#27;[90m# com.melisa.qa.steps.BookingSteps.theUserHasBookingInformationWithLastName(java.lang.String)&amp#27;[0m
  &amp#27;[32mWhen &amp#27;[0m&amp#27;[32mthe user creates a new booking&amp#27;[0m                              &amp#27;[90m# com.melisa.qa.steps.BookingSteps.theUserCreatesANewBooking()&amp#27;[0m
  &amp#27;[32mThen &amp#27;[0m&amp#27;[32mthe booking response should be validated&amp#27;[0m                    &amp#27;[90m# com.melisa.qa.steps.BookingSteps.theBookingResponseShouldBeValidated()&amp#27;[0m
  &amp#27;[32mAnd &amp#27;[0m&amp#27;[32mthe booking last name should match &amp#27;[0m&amp#27;[32m&amp#27;[1m"García"&amp#27;[0m                  &amp#27;[90m# com.melisa.qa.steps.BookingSteps.theBookingLastNameShouldMatch(java.lang.String)&amp#27;[0m
]]></system-out>
  </testcase>
  <testcase name="Example #1.5" classname="Examples" time="0.78">
    <system-out><![CDATA[
@booking @data-validation
Scenario Outline: Create a booking with different additional needs values &amp#27;[90m# features/booking.feature:93&amp#27;[0m
  &amp#27;[32mGiven &amp#27;[0m&amp#27;[32mthe user has booking information with additional needs &amp#27;[0m&amp#27;[32m&amp#27;[1m"None"&amp#27;[0m     &amp#27;[90m# com.melisa.qa.steps.BookingSteps.theUserHasBookingInformationWithAdditionalNeeds(java.lang.String)&amp#27;[0m
  &amp#27;[32mWhen &amp#27;[0m&amp#27;[32mthe user creates a new booking&amp#27;[0m                                     &amp#27;[90m# com.melisa.qa.steps.BookingSteps.theUserCreatesANewBooking()&amp#27;[0m
  &amp#27;[32mThen &amp#27;[0m&amp#27;[32mthe booking should be created successfully&amp#27;[0m                         &amp#27;[90m# com.melisa.qa.steps.BookingSteps.theBookingShouldBeCreatedSuccessfully()&amp#27;[0m
  &amp#27;[32mAnd &amp#27;[0m&amp#27;[32mthe booking additional needs should match &amp#27;[0m&amp#27;[32m&amp#27;[1m"None"&amp#27;[0m                    &amp#27;[90m# com.melisa.qa.steps.BookingSteps.theBookingAdditionalNeedsShouldMatch(java.lang.String)&amp#27;[0m
]]></system-out>
  </testcase>
  <testcase name="Example #1.5" classname="Examples" time="0.801">
    <system-out><![CDATA[
@booking @data-validation
Scenario Outline: Create a booking with different total price values &amp#27;[90m# features/booking.feature:112&amp#27;[0m
  &amp#27;[32mGiven &amp#27;[0m&amp#27;[32mthe user has booking information with total price &amp#27;[0m&amp#27;[32m&amp#27;[1m100000&amp#27;[0m     &amp#27;[90m# com.melisa.qa.steps.BookingSteps.theUserHasBookingInformationWithTotalPrice(int)&amp#27;[0m
  &amp#27;[32mWhen &amp#27;[0m&amp#27;[32mthe user creates a new booking&amp#27;[0m                                &amp#27;[90m# com.melisa.qa.steps.BookingSteps.theUserCreatesANewBooking()&amp#27;[0m
  &amp#27;[32mThen &amp#27;[0m&amp#27;[32mthe booking should be created successfully&amp#27;[0m                    &amp#27;[90m# com.melisa.qa.steps.BookingSteps.theBookingShouldBeCreatedSuccessfully()&amp#27;[0m
  &amp#27;[32mAnd &amp#27;[0m&amp#27;[32mthe booking total price should match &amp#27;[0m&amp#27;[32m&amp#27;[1m100000&amp#27;[0m                    &amp#27;[90m# com.melisa.qa.steps.BookingSteps.theBookingTotalPriceShouldMatch(int)&amp#27;[0m
]]></system-out>
  </testcase>
  <testcase name="Example #1.6" classname="Examples" time="0.791">
    <system-out><![CDATA[
@booking @data-validation
Scenario Outline: Create a booking with different first name values   &amp#27;[90m# features/booking.feature:40&amp#27;[0m
  &amp#27;[32mGiven &amp#27;[0m&amp#27;[32mthe user has booking information with first name &amp#27;[0m&amp#27;[32m&amp#27;[1m"Anne-Marie"&amp#27;[0m &amp#27;[90m# com.melisa.qa.steps.BookingSteps.theUserHasBookingInformationWithFirstName(java.lang.String)&amp#27;[0m
  &amp#27;[32mWhen &amp#27;[0m&amp#27;[32mthe user creates a new booking&amp#27;[0m                                 &amp#27;[90m# com.melisa.qa.steps.BookingSteps.theUserCreatesANewBooking()&amp#27;[0m
  &amp#27;[32mThen &amp#27;[0m&amp#27;[32mthe booking response should be validated&amp#27;[0m                       &amp#27;[90m# com.melisa.qa.steps.BookingSteps.theBookingResponseShouldBeValidated()&amp#27;[0m
  &amp#27;[32mAnd &amp#27;[0m&amp#27;[32mthe booking first name should match &amp#27;[0m&amp#27;[32m&amp#27;[1m"Anne-Marie"&amp#27;[0m                &amp#27;[90m# com.melisa.qa.steps.BookingSteps.theBookingFirstNameShouldMatch(java.lang.String)&amp#27;[0m
]]></system-out>
  </testcase>
  <testcase name="Example #1.6" classname="Examples" time="0.789">
    <system-out><![CDATA[
@booking @data-validation
Scenario Outline: Create a booking with different last name values      &amp#27;[90m# features/booking.feature:61&amp#27;[0m
  &amp#27;[32mGiven &amp#27;[0m&amp#27;[32mthe user has booking information with last name &amp#27;[0m&amp#27;[32m&amp#27;[1m"Smith-Johnson"&amp#27;[0m &amp#27;[90m# com.melisa.qa.steps.BookingSteps.theUserHasBookingInformationWithLastName(java.lang.String)&amp#27;[0m
  &amp#27;[32mWhen &amp#27;[0m&amp#27;[32mthe user creates a new booking&amp#27;[0m                                   &amp#27;[90m# com.melisa.qa.steps.BookingSteps.theUserCreatesANewBooking()&amp#27;[0m
  &amp#27;[32mThen &amp#27;[0m&amp#27;[32mthe booking response should be validated&amp#27;[0m                         &amp#27;[90m# com.melisa.qa.steps.BookingSteps.theBookingResponseShouldBeValidated()&amp#27;[0m
  &amp#27;[32mAnd &amp#27;[0m&amp#27;[32mthe booking last name should match &amp#27;[0m&amp#27;[32m&amp#27;[1m"Smith-Johnson"&amp#27;[0m                &amp#27;[90m# com.melisa.qa.steps.BookingSteps.theBookingLastNameShouldMatch(java.lang.String)&amp#27;[0m
]]></system-out>
  </testcase>
  <testcase name="Example #1.6" classname="Examples" time="0.772">
    <system-out><![CDATA[
@booking @data-validation
Scenario Outline: Create a booking with different additional needs values &amp#27;[90m# features/booking.feature:94&amp#27;[0m
  &amp#27;[32mGiven &amp#27;[0m&amp#27;[32mthe user has booking information with additional needs &amp#27;[0m&amp#27;[32m&amp#27;[1m""&amp#27;[0m         &amp#27;[90m# com.melisa.qa.steps.BookingSteps.theUserHasBookingInformationWithAdditionalNeeds(java.lang.String)&amp#27;[0m
  &amp#27;[32mWhen &amp#27;[0m&amp#27;[32mthe user creates a new booking&amp#27;[0m                                     &amp#27;[90m# com.melisa.qa.steps.BookingSteps.theUserCreatesANewBooking()&amp#27;[0m
  &amp#27;[32mThen &amp#27;[0m&amp#27;[32mthe booking should be created successfully&amp#27;[0m                         &amp#27;[90m# com.melisa.qa.steps.BookingSteps.theBookingShouldBeCreatedSuccessfully()&amp#27;[0m
  &amp#27;[32mAnd &amp#27;[0m&amp#27;[32mthe booking additional needs should match &amp#27;[0m&amp#27;[32m&amp#27;[1m""&amp#27;[0m                        &amp#27;[90m# com.melisa.qa.steps.BookingSteps.theBookingAdditionalNeedsShouldMatch(java.lang.String)&amp#27;[0m
]]></system-out>
  </testcase>
  <testcase name="Example #1.7" classname="Examples" time="0.795">
    <system-out><![CDATA[
@booking @data-validation
Scenario Outline: Create a booking with different first name values &amp#27;[90m# features/booking.feature:41&amp#27;[0m
  &amp#27;[32mGiven &amp#27;[0m&amp#27;[32mthe user has booking information with first name &amp#27;[0m&amp#27;[32m&amp#27;[1m"O'Connor"&amp#27;[0m &amp#27;[90m# com.melisa.qa.steps.BookingSteps.theUserHasBookingInformationWithFirstName(java.lang.String)&amp#27;[0m
  &amp#27;[32mWhen &amp#27;[0m&amp#27;[32mthe user creates a new booking&amp#27;[0m                               &amp#27;[90m# com.melisa.qa.steps.BookingSteps.theUserCreatesANewBooking()&amp#27;[0m
  &amp#27;[32mThen &amp#27;[0m&amp#27;[32mthe booking response should be validated&amp#27;[0m                     &amp#27;[90m# com.melisa.qa.steps.BookingSteps.theBookingResponseShouldBeValidated()&amp#27;[0m
  &amp#27;[32mAnd &amp#27;[0m&amp#27;[32mthe booking first name should match &amp#27;[0m&amp#27;[32m&amp#27;[1m"O'Connor"&amp#27;[0m                &amp#27;[90m# com.melisa.qa.steps.BookingSteps.theBookingFirstNameShouldMatch(java.lang.String)&amp#27;[0m
]]></system-out>
  </testcase>
  <testcase name="Example #1.7" classname="Examples" time="0.796">
    <system-out><![CDATA[
@booking @data-validation
Scenario Outline: Create a booking with different last name values &amp#27;[90m# features/booking.feature:62&amp#27;[0m
  &amp#27;[32mGiven &amp#27;[0m&amp#27;[32mthe user has booking information with last name &amp#27;[0m&amp#27;[32m&amp#27;[1m"D'Angelo"&amp#27;[0m &amp#27;[90m# com.melisa.qa.steps.BookingSteps.theUserHasBookingInformationWithLastName(java.lang.String)&amp#27;[0m
  &amp#27;[32mWhen &amp#27;[0m&amp#27;[32mthe user creates a new booking&amp#27;[0m                              &amp#27;[90m# com.melisa.qa.steps.BookingSteps.theUserCreatesANewBooking()&amp#27;[0m
  &amp#27;[32mThen &amp#27;[0m&amp#27;[32mthe booking response should be validated&amp#27;[0m                    &amp#27;[90m# com.melisa.qa.steps.BookingSteps.theBookingResponseShouldBeValidated()&amp#27;[0m
  &amp#27;[32mAnd &amp#27;[0m&amp#27;[32mthe booking last name should match &amp#27;[0m&amp#27;[32m&amp#27;[1m"D'Angelo"&amp#27;[0m                &amp#27;[90m# com.melisa.qa.steps.BookingSteps.theBookingLastNameShouldMatch(java.lang.String)&amp#27;[0m
]]></system-out>
  </testcase>
  <testcase name="Example #1.7" classname="Examples" time="0.774">
    <system-out><![CDATA[
@booking @data-validation
Scenario Outline: Create a booking with different additional needs values &amp#27;[90m# features/booking.feature:95&amp#27;[0m
  &amp#27;[32mGiven &amp#27;[0m&amp#27;[32mthe user has booking information with additional needs &amp#27;[0m&amp#27;[32m&amp#27;[1m"WiFi"&amp#27;[0m     &amp#27;[90m# com.melisa.qa.steps.BookingSteps.theUserHasBookingInformationWithAdditionalNeeds(java.lang.String)&amp#27;[0m
  &amp#27;[32mWhen &amp#27;[0m&amp#27;[32mthe user creates a new booking&amp#27;[0m                                     &amp#27;[90m# com.melisa.qa.steps.BookingSteps.theUserCreatesANewBooking()&amp#27;[0m
  &amp#27;[32mThen &amp#27;[0m&amp#27;[32mthe booking should be created successfully&amp#27;[0m                         &amp#27;[90m# com.melisa.qa.steps.BookingSteps.theBookingShouldBeCreatedSuccessfully()&amp#27;[0m
  &amp#27;[32mAnd &amp#27;[0m&amp#27;[32mthe booking additional needs should match &amp#27;[0m&amp#27;[32m&amp#27;[1m"WiFi"&amp#27;[0m                    &amp#27;[90m# com.melisa.qa.steps.BookingSteps.theBookingAdditionalNeedsShouldMatch(java.lang.String)&amp#27;[0m
]]></system-out>
  </testcase>
  <testcase name="Example #1.8" classname="Examples" time="0.796">
    <system-out><![CDATA[
@booking @data-validation
Scenario Outline: Create a booking with different first name values &amp#27;[90m# features/booking.feature:42&amp#27;[0m
  &amp#27;[32mGiven &amp#27;[0m&amp#27;[32mthe user has booking information with first name &amp#27;[0m&amp#27;[32m&amp#27;[1m"123456"&amp#27;[0m   &amp#27;[90m# com.melisa.qa.steps.BookingSteps.theUserHasBookingInformationWithFirstName(java.lang.String)&amp#27;[0m
  &amp#27;[32mWhen &amp#27;[0m&amp#27;[32mthe user creates a new booking&amp#27;[0m                               &amp#27;[90m# com.melisa.qa.steps.BookingSteps.theUserCreatesANewBooking()&amp#27;[0m
  &amp#27;[32mThen &amp#27;[0m&amp#27;[32mthe booking response should be validated&amp#27;[0m                     &amp#27;[90m# com.melisa.qa.steps.BookingSteps.theBookingResponseShouldBeValidated()&amp#27;[0m
  &amp#27;[32mAnd &amp#27;[0m&amp#27;[32mthe booking first name should match &amp#27;[0m&amp#27;[32m&amp#27;[1m"123456"&amp#27;[0m                  &amp#27;[90m# com.melisa.qa.steps.BookingSteps.theBookingFirstNameShouldMatch(java.lang.String)&amp#27;[0m
]]></system-out>
  </testcase>
  <testcase name="Example #1.8" classname="Examples" time="0.801">
    <system-out><![CDATA[
@booking @data-validation
Scenario Outline: Create a booking with different last name values &amp#27;[90m# features/booking.feature:63&amp#27;[0m
  &amp#27;[32mGiven &amp#27;[0m&amp#27;[32mthe user has booking information with last name &amp#27;[0m&amp#27;[32m&amp#27;[1m"!@#$%"&amp#27;[0m    &amp#27;[90m# com.melisa.qa.steps.BookingSteps.theUserHasBookingInformationWithLastName(java.lang.String)&amp#27;[0m
  &amp#27;[32mWhen &amp#27;[0m&amp#27;[32mthe user creates a new booking&amp#27;[0m                              &amp#27;[90m# com.melisa.qa.steps.BookingSteps.theUserCreatesANewBooking()&amp#27;[0m
  &amp#27;[32mThen &amp#27;[0m&amp#27;[32mthe booking response should be validated&amp#27;[0m                    &amp#27;[90m# com.melisa.qa.steps.BookingSteps.theBookingResponseShouldBeValidated()&amp#27;[0m
  &amp#27;[32mAnd &amp#27;[0m&amp#27;[32mthe booking last name should match &amp#27;[0m&amp#27;[32m&amp#27;[1m"!@#$%"&amp#27;[0m                   &amp#27;[90m# com.melisa.qa.steps.BookingSteps.theBookingLastNameShouldMatch(java.lang.String)&amp#27;[0m
]]></system-out>
  </testcase>
  <testcase name="Example #1.8" classname="Examples" time="0.804">
    <system-out><![CDATA[
@booking @data-validation
Scenario Outline: Create a booking with different additional needs values       &amp#27;[90m# features/booking.feature:96&amp#27;[0m
  &amp#27;[32mGiven &amp#27;[0m&amp#27;[32mthe user has booking information with additional needs &amp#27;[0m&amp#27;[32m&amp#27;[1m"José's request"&amp#27;[0m &amp#27;[90m# com.melisa.qa.steps.BookingSteps.theUserHasBookingInformationWithAdditionalNeeds(java.lang.String)&amp#27;[0m
  &amp#27;[32mWhen &amp#27;[0m&amp#27;[32mthe user creates a new booking&amp#27;[0m                                           &amp#27;[90m# com.melisa.qa.steps.BookingSteps.theUserCreatesANewBooking()&amp#27;[0m
  &amp#27;[32mThen &amp#27;[0m&amp#27;[32mthe booking should be created successfully&amp#27;[0m                               &amp#27;[90m# com.melisa.qa.steps.BookingSteps.theBookingShouldBeCreatedSuccessfully()&amp#27;[0m
  &amp#27;[32mAnd &amp#27;[0m&amp#27;[32mthe booking additional needs should match &amp#27;[0m&amp#27;[32m&amp#27;[1m"José's request"&amp#27;[0m                &amp#27;[90m# com.melisa.qa.steps.BookingSteps.theBookingAdditionalNeedsShouldMatch(java.lang.String)&amp#27;[0m
]]></system-out>
  </testcase>
  <testcase name="Example #1.9" classname="Examples" time="0.784">
    <system-out><![CDATA[
@booking @data-validation
Scenario Outline: Create a booking with different first name values  &amp#27;[90m# features/booking.feature:43&amp#27;[0m
  &amp#27;[32mGiven &amp#27;[0m&amp#27;[32mthe user has booking information with first name &amp#27;[0m&amp#27;[32m&amp#27;[1m"Melisa123"&amp#27;[0m &amp#27;[90m# com.melisa.qa.steps.BookingSteps.theUserHasBookingInformationWithFirstName(java.lang.String)&amp#27;[0m
  &amp#27;[32mWhen &amp#27;[0m&amp#27;[32mthe user creates a new booking&amp#27;[0m                                &amp#27;[90m# com.melisa.qa.steps.BookingSteps.theUserCreatesANewBooking()&amp#27;[0m
  &amp#27;[32mThen &amp#27;[0m&amp#27;[32mthe booking response should be validated&amp#27;[0m                      &amp#27;[90m# com.melisa.qa.steps.BookingSteps.theBookingResponseShouldBeValidated()&amp#27;[0m
  &amp#27;[32mAnd &amp#27;[0m&amp#27;[32mthe booking first name should match &amp#27;[0m&amp#27;[32m&amp#27;[1m"Melisa123"&amp#27;[0m                &amp#27;[90m# com.melisa.qa.steps.BookingSteps.theBookingFirstNameShouldMatch(java.lang.String)&amp#27;[0m
]]></system-out>
  </testcase>
  <testcase name="Example #1.9" classname="Examples" time="0.778">
    <system-out><![CDATA[
@booking @data-validation
Scenario Outline: Create a booking with different last name values   &amp#27;[90m# features/booking.feature:64&amp#27;[0m
  &amp#27;[32mGiven &amp#27;[0m&amp#27;[32mthe user has booking information with last name &amp#27;[0m&amp#27;[32m&amp#27;[1m"Martin@123"&amp#27;[0m &amp#27;[90m# com.melisa.qa.steps.BookingSteps.theUserHasBookingInformationWithLastName(java.lang.String)&amp#27;[0m
  &amp#27;[32mWhen &amp#27;[0m&amp#27;[32mthe user creates a new booking&amp#27;[0m                                &amp#27;[90m# com.melisa.qa.steps.BookingSteps.theUserCreatesANewBooking()&amp#27;[0m
  &amp#27;[32mThen &amp#27;[0m&amp#27;[32mthe booking response should be validated&amp#27;[0m                      &amp#27;[90m# com.melisa.qa.steps.BookingSteps.theBookingResponseShouldBeValidated()&amp#27;[0m
  &amp#27;[32mAnd &amp#27;[0m&amp#27;[32mthe booking last name should match &amp#27;[0m&amp#27;[32m&amp#27;[1m"Martin@123"&amp#27;[0m                &amp#27;[90m# com.melisa.qa.steps.BookingSteps.theBookingLastNameShouldMatch(java.lang.String)&amp#27;[0m
]]></system-out>
  </testcase>
  <testcase name="Example #1.9" classname="Examples" time="0.794">
    <system-out><![CDATA[
@booking @data-validation
Scenario Outline: Create a booking with different additional needs values  &amp#27;[90m# features/booking.feature:97&amp#27;[0m
  &amp#27;[32mGiven &amp#27;[0m&amp#27;[32mthe user has booking information with additional needs &amp#27;[0m&amp#27;[32m&amp#27;[1m"Room #101"&amp#27;[0m &amp#27;[90m# com.melisa.qa.steps.BookingSteps.theUserHasBookingInformationWithAdditionalNeeds(java.lang.String)&amp#27;[0m
  &amp#27;[32mWhen &amp#27;[0m&amp#27;[32mthe user creates a new booking&amp#27;[0m                                      &amp#27;[90m# com.melisa.qa.steps.BookingSteps.theUserCreatesANewBooking()&amp#27;[0m
  &amp#27;[32mThen &amp#27;[0m&amp#27;[32mthe booking should be created successfully&amp#27;[0m                          &amp#27;[90m# com.melisa.qa.steps.BookingSteps.theBookingShouldBeCreatedSuccessfully()&amp#27;[0m
  &amp#27;[32mAnd &amp#27;[0m&amp#27;[32mthe booking additional needs should match &amp#27;[0m&amp#27;[32m&amp#27;[1m"Room #101"&amp#27;[0m                &amp#27;[90m# com.melisa.qa.steps.BookingSteps.theBookingAdditionalNeedsShouldMatch(java.lang.String)&amp#27;[0m
]]></system-out>
  </testcase>
  <testcase name="Example #1.10" classname="Examples" time="0.78">
    <system-out><![CDATA[
@booking @data-validation
Scenario Outline: Create a booking with different first name values  &amp#27;[90m# features/booking.feature:44&amp#27;[0m
  &amp#27;[32mGiven &amp#27;[0m&amp#27;[32mthe user has booking information with first name &amp#27;[0m&amp#27;[32m&amp#27;[1m"Melisa@QA"&amp#27;[0m &amp#27;[90m# com.melisa.qa.steps.BookingSteps.theUserHasBookingInformationWithFirstName(java.lang.String)&amp#27;[0m
  &amp#27;[32mWhen &amp#27;[0m&amp#27;[32mthe user creates a new booking&amp#27;[0m                                &amp#27;[90m# com.melisa.qa.steps.BookingSteps.theUserCreatesANewBooking()&amp#27;[0m
  &amp#27;[32mThen &amp#27;[0m&amp#27;[32mthe booking response should be validated&amp#27;[0m                      &amp#27;[90m# com.melisa.qa.steps.BookingSteps.theBookingResponseShouldBeValidated()&amp#27;[0m
  &amp#27;[32mAnd &amp#27;[0m&amp#27;[32mthe booking first name should match &amp#27;[0m&amp#27;[32m&amp#27;[1m"Melisa@QA"&amp#27;[0m                &amp#27;[90m# com.melisa.qa.steps.BookingSteps.theBookingFirstNameShouldMatch(java.lang.String)&amp#27;[0m
]]></system-out>
  </testcase>
  <testcase name="Example #1.10" classname="Examples" time="0.778">
    <system-out><![CDATA[
@booking @data-validation
Scenario Outline: Create a booking with different last name values &amp#27;[90m# features/booking.feature:65&amp#27;[0m
  &amp#27;[32mGiven &amp#27;[0m&amp#27;[32mthe user has booking information with last name &amp#27;[0m&amp#27;[32m&amp#27;[1m"987654"&amp#27;[0m   &amp#27;[90m# com.melisa.qa.steps.BookingSteps.theUserHasBookingInformationWithLastName(java.lang.String)&amp#27;[0m
  &amp#27;[32mWhen &amp#27;[0m&amp#27;[32mthe user creates a new booking&amp#27;[0m                              &amp#27;[90m# com.melisa.qa.steps.BookingSteps.theUserCreatesANewBooking()&amp#27;[0m
  &amp#27;[32mThen &amp#27;[0m&amp#27;[32mthe booking response should be validated&amp#27;[0m                    &amp#27;[90m# com.melisa.qa.steps.BookingSteps.theBookingResponseShouldBeValidated()&amp#27;[0m
  &amp#27;[32mAnd &amp#27;[0m&amp#27;[32mthe booking last name should match &amp#27;[0m&amp#27;[32m&amp#27;[1m"987654"&amp#27;[0m                  &amp#27;[90m# com.melisa.qa.steps.BookingSteps.theBookingLastNameShouldMatch(java.lang.String)&amp#27;[0m
]]></system-out>
  </testcase>
  <testcase name="Example #1.11" classname="Examples" time="0.775">
    <system-out><![CDATA[
@booking @data-validation
Scenario Outline: Create a booking with different first name values &amp#27;[90m# features/booking.feature:45&amp#27;[0m
  &amp#27;[32mGiven &amp#27;[0m&amp#27;[32mthe user has booking information with first name &amp#27;[0m&amp#27;[32m&amp#27;[1m"@#$%"&amp#27;[0m     &amp#27;[90m# com.melisa.qa.steps.BookingSteps.theUserHasBookingInformationWithFirstName(java.lang.String)&amp#27;[0m
  &amp#27;[32mWhen &amp#27;[0m&amp#27;[32mthe user creates a new booking&amp#27;[0m                               &amp#27;[90m# com.melisa.qa.steps.BookingSteps.theUserCreatesANewBooking()&amp#27;[0m
  &amp#27;[32mThen &amp#27;[0m&amp#27;[32mthe booking response should be validated&amp#27;[0m                     &amp#27;[90m# com.melisa.qa.steps.BookingSteps.theBookingResponseShouldBeValidated()&amp#27;[0m
  &amp#27;[32mAnd &amp#27;[0m&amp#27;[32mthe booking first name should match &amp#27;[0m&amp#27;[32m&amp#27;[1m"@#$%"&amp#27;[0m                    &amp#27;[90m# com.melisa.qa.steps.BookingSteps.theBookingFirstNameShouldMatch(java.lang.String)&amp#27;[0m
]]></system-out>
  </testcase>
  <testcase name="Example #1.11" classname="Examples" time="0.8">
    <system-out><![CDATA[
@booking @data-validation
Scenario Outline: Create a booking with different last name values   &amp#27;[90m# features/booking.feature:66&amp#27;[0m
  &amp#27;[32mGiven &amp#27;[0m&amp#27;[32mthe user has booking information with last name &amp#27;[0m&amp#27;[32m&amp#27;[1m"Johnson456"&amp#27;[0m &amp#27;[90m# com.melisa.qa.steps.BookingSteps.theUserHasBookingInformationWithLastName(java.lang.String)&amp#27;[0m
  &amp#27;[32mWhen &amp#27;[0m&amp#27;[32mthe user creates a new booking&amp#27;[0m                                &amp#27;[90m# com.melisa.qa.steps.BookingSteps.theUserCreatesANewBooking()&amp#27;[0m
  &amp#27;[32mThen &amp#27;[0m&amp#27;[32mthe booking response should be validated&amp#27;[0m                      &amp#27;[90m# com.melisa.qa.steps.BookingSteps.theBookingResponseShouldBeValidated()&amp#27;[0m
  &amp#27;[32mAnd &amp#27;[0m&amp#27;[32mthe booking last name should match &amp#27;[0m&amp#27;[32m&amp#27;[1m"Johnson456"&amp#27;[0m                &amp#27;[90m# com.melisa.qa.steps.BookingSteps.theBookingLastNameShouldMatch(java.lang.String)&amp#27;[0m
]]></system-out>
  </testcase>
  <testcase name="Create, retrieve and update a booking" classname="Booking Management" time="6.616">
    <system-out><![CDATA[
@booking
Scenario: Create, retrieve and update a booking                 &amp#27;[90m# features/booking.feature:4&amp#27;[0m
  &amp#27;[32mGiven &amp#27;[0m&amp#27;[32mthe user has valid booking information&amp#27;[0m                  &amp#27;[90m# com.melisa.qa.steps.BookingSteps.theUserHasValidBookingInformation()&amp#27;[0m
  &amp#27;[32mWhen &amp#27;[0m&amp#27;[32mthe user creates a new booking&amp#27;[0m                           &amp#27;[90m# com.melisa.qa.steps.BookingSteps.theUserCreatesANewBooking()&amp#27;[0m
  &amp#27;[32mThen &amp#27;[0m&amp#27;[32mthe booking should be created successfully&amp#27;[0m               &amp#27;[90m# com.melisa.qa.steps.BookingSteps.theBookingShouldBeCreatedSuccessfully()&amp#27;[0m
  &amp#27;[32mAnd &amp#27;[0m&amp#27;[32ma booking ID should be returned&amp#27;[0m                           &amp#27;[90m# com.melisa.qa.steps.BookingSteps.aBookingIdShouldBeReturned()&amp#27;[0m
  &amp#27;[32mWhen &amp#27;[0m&amp#27;[32mthe user retrieves the created booking&amp#27;[0m                   &amp#27;[90m# com.melisa.qa.steps.BookingSteps.theUserRetrievesTheCreatedBooking()&amp#27;[0m
  &amp#27;[32mThen &amp#27;[0m&amp#27;[32mthe booking information should be retrieved successfully&amp#27;[0m &amp#27;[90m# com.melisa.qa.steps.BookingSteps.theBookingInformationShouldBeRetrievedSuccessfully()&amp#27;[0m
  &amp#27;[32mWhen &amp#27;[0m&amp#27;[32mthe user updates the created booking&amp#27;[0m                     &amp#27;[90m# com.melisa.qa.steps.BookingSteps.theUserUpdatesTheCreatedBooking()&amp#27;[0m
  &amp#27;[32mThen &amp#27;[0m&amp#27;[32mthe booking should be updated successfully&amp#27;[0m               &amp#27;[90m# com.melisa.qa.steps.BookingSteps.theBookingShouldBeUpdatedSuccessfully()&amp#27;[0m
  &amp#27;[32mWhen &amp#27;[0m&amp#27;[32mthe user deletes the created booking&amp#27;[0m                     &amp#27;[90m# com.melisa.qa.steps.BookingSteps.theUserDeletesTheCreatedBooking()&amp#27;[0m
  &amp#27;[32mThen &amp#27;[0m&amp#27;[32mthe booking should be deleted successfully&amp#27;[0m               &amp#27;[90m# com.melisa.qa.steps.BookingSteps.theBookingShouldBeDeletedSuccessfully()&amp#27;[0m
  &amp#27;[32mWhen &amp#27;[0m&amp#27;[32mthe user retrieves the deleted booking&amp#27;[0m                   &amp#27;[90m# com.melisa.qa.steps.BookingSteps.theUserRetrievesTheDeletedBooking()&amp#27;[0m
  &amp#27;[32mThen &amp#27;[0m&amp#27;[32mthe booking should not be found&amp#27;[0m                          &amp#27;[90m# com.melisa.qa.steps.BookingSteps.theBookingShouldNotBeFound()&amp#27;[0m
]]></system-out>
  </testcase>
  <testcase name="Partially update a booking" classname="Booking Management" time="2.317">
    <system-out><![CDATA[
@booking @patch
Scenario: Partially update a booking                        &amp#27;[90m# features/booking.feature:19&amp#27;[0m
  &amp#27;[32mGiven &amp#27;[0m&amp#27;[32mthe user has valid booking information&amp#27;[0m              &amp#27;[90m# com.melisa.qa.steps.BookingSteps.theUserHasValidBookingInformation()&amp#27;[0m
  &amp#27;[32mWhen &amp#27;[0m&amp#27;[32mthe user partially updates the booking first name&amp#27;[0m    &amp#27;[90m# com.melisa.qa.steps.BookingSteps.theUserPartiallyUpdatesTheBookingFirstName()&amp#27;[0m
  &amp#27;[32mThen &amp#27;[0m&amp#27;[32mthe booking should be partially updated successfully&amp#27;[0m &amp#27;[90m# com.melisa.qa.steps.BookingSteps.theBookingShouldBePartiallyUpdatedSuccessfully()&amp#27;[0m
  &amp#27;[32mAnd &amp#27;[0m&amp#27;[32mthe booking first name should match the updated value&amp#27;[0m &amp#27;[90m# com.melisa.qa.steps.BookingSteps.theBookingFirstNameShouldMatchTheUpdatedValue()&amp#27;[0m
]]></system-out>
  </testcase>
  <testcase name="Retrieve a non-existing booking" classname="Booking Management" time="0.764">
    <system-out><![CDATA[
@booking @negative
Scenario: Retrieve a non-existing booking        &amp#27;[90m# features/booking.feature:116&amp#27;[0m
  &amp#27;[32mWhen &amp#27;[0m&amp#27;[32mthe user retrieves a non-existing booking&amp#27;[0m &amp#27;[90m# com.melisa.qa.steps.BookingSteps.theUserRetrievesANonExistingBooking()&amp#27;[0m
  &amp#27;[32mThen &amp#27;[0m&amp#27;[32mthe booking should not be found&amp#27;[0m           &amp#27;[90m# com.melisa.qa.steps.BookingSteps.theBookingShouldNotBeFound()&amp#27;[0m
]]></system-out>
  </testcase>
  <testcase name="Update a booking without authentication" classname="Booking Management" time="2.332">
    <system-out><![CDATA[
@booking @negative
Scenario: Update a booking without authentication                 &amp#27;[90m# features/booking.feature:121&amp#27;[0m
  &amp#27;[32mGiven &amp#27;[0m&amp#27;[32mthe user has valid booking information&amp#27;[0m                    &amp#27;[90m# com.melisa.qa.steps.BookingSteps.theUserHasValidBookingInformation()&amp#27;[0m
  &amp#27;[32mWhen &amp#27;[0m&amp#27;[32mthe user creates a new booking&amp#27;[0m                             &amp#27;[90m# com.melisa.qa.steps.BookingSteps.theUserCreatesANewBooking()&amp#27;[0m
  &amp#27;[32mAnd &amp#27;[0m&amp#27;[32mthe user tries to update the booking without authentication&amp#27;[0m &amp#27;[90m# com.melisa.qa.steps.BookingSteps.theUserTriesToUpdateTheBookingWithoutAuthentication()&amp#27;[0m
  &amp#27;[32mThen &amp#27;[0m&amp#27;[32mthe booking update should be rejected&amp#27;[0m                      &amp#27;[90m# com.melisa.qa.steps.BookingSteps.theBookingUpdateShouldBeRejected()&amp#27;[0m
]]></system-out>
  </testcase>
  <testcase name="Delete a booking without authentication" classname="Booking Management" time="2.378">
    <system-out><![CDATA[
@booking @negative
Scenario: Delete a booking without authentication                 &amp#27;[90m# features/booking.feature:128&amp#27;[0m
  &amp#27;[32mGiven &amp#27;[0m&amp#27;[32mthe user has valid booking information&amp#27;[0m                    &amp#27;[90m# com.melisa.qa.steps.BookingSteps.theUserHasValidBookingInformation()&amp#27;[0m
  &amp#27;[32mWhen &amp#27;[0m&amp#27;[32mthe user creates a new booking&amp#27;[0m                             &amp#27;[90m# com.melisa.qa.steps.BookingSteps.theUserCreatesANewBooking()&amp#27;[0m
  &amp#27;[32mAnd &amp#27;[0m&amp#27;[32mthe user tries to delete the booking without authentication&amp#27;[0m &amp#27;[90m# com.melisa.qa.steps.BookingSteps.theUserTriesToDeleteTheBookingWithoutAuthentication()&amp#27;[0m
  &amp#27;[32mThen &amp#27;[0m&amp#27;[32mthe booking deletion should be rejected&amp#27;[0m                    &amp#27;[90m# com.melisa.qa.steps.BookingSteps.theBookingDeletionShouldBeRejected()&amp#27;[0m
]]></system-out>
  </testcase>
</testsuite>